CRITICAL - 2020-12-16 00:53:37 --> Allowed fields must be specified for model: App\Models\Users_model
#0 /Users/patriot/Documents/Codeigniter/final project/BE/kelontong/vendor/codeigniter4/framework/system/Model.php(1265): CodeIgniter\Database\Exceptions\DataException::forInvalidAllowedFields('App\\Models\\User...')
#1 /Users/patriot/Documents/Codeigniter/final project/BE/kelontong/vendor/codeigniter4/framework/system/Model.php(870): CodeIgniter\Model->doProtectFields(Array)
#2 /Users/patriot/Documents/Codeigniter/final project/BE/kelontong/app/Controllers/Admin/Users.php(65): CodeIgniter\Model->update(Array, Array)
#3 /Users/patriot/Documents/Codeigniter/final project/BE/kelontong/vendor/codeigniter4/framework/system/CodeIgniter.php(918): App\Controllers\Admin\Users->update('81')
#4 /Users/patriot/Documents/Codeigniter/final project/BE/kelontong/vendor/codeigniter4/framework/system/CodeIgniter.php(404): CodeIgniter\CodeIgniter->runController(Object(App\Controllers\Admin\Users))
#5 /Users/patriot/Documents/Codeigniter/final project/BE/kelontong/vendor/codeigniter4/framework/system/CodeIgniter.php(312): CodeIgniter\CodeIgniter->handleRequest(NULL, Object(Config\Cache), false)
#6 /Users/patriot/Documents/Codeigniter/final project/BE/kelontong/public/index.php(45): CodeIgniter\CodeIgniter->run()
#7 /Users/patriot/Documents/Codeigniter/final project/BE/kelontong/vendor/codeigniter4/framework/system/Commands/Server/rewrite.php(34): require_once('/Users/patriot/...')
#8 {main}
CRITICAL - 2020-12-16 00:56:00 --> Allowed fields must be specified for model: App\Models\Users_model
#0 /Users/patriot/Documents/Codeigniter/final project/BE/kelontong/vendor/codeigniter4/framework/system/Model.php(1265): CodeIgniter\Database\Exceptions\DataException::forInvalidAllowedFields('App\\Models\\User...')
#1 /Users/patriot/Documents/Codeigniter/final project/BE/kelontong/vendor/codeigniter4/framework/system/Model.php(870): CodeIgniter\Model->doProtectFields(Array)
#2 /Users/patriot/Documents/Codeigniter/final project/BE/kelontong/app/Controllers/Admin/Users.php(65): CodeIgniter\Model->update(Array, Array)
#3 /Users/patriot/Documents/Codeigniter/final project/BE/kelontong/vendor/codeigniter4/framework/system/CodeIgniter.php(918): App\Controllers\Admin\Users->update('81')
#4 /Users/patriot/Documents/Codeigniter/final project/BE/kelontong/vendor/codeigniter4/framework/system/CodeIgniter.php(404): CodeIgniter\CodeIgniter->runController(Object(App\Controllers\Admin\Users))
#5 /Users/patriot/Documents/Codeigniter/final project/BE/kelontong/vendor/codeigniter4/framework/system/CodeIgniter.php(312): CodeIgniter\CodeIgniter->handleRequest(NULL, Object(Config\Cache), false)
#6 /Users/patriot/Documents/Codeigniter/final project/BE/kelontong/public/index.php(45): CodeIgniter\CodeIgniter->run()
#7 /Users/patriot/Documents/Codeigniter/final project/BE/kelontong/vendor/codeigniter4/framework/system/Commands/Server/rewrite.php(34): require_once('/Users/patriot/...')
#8 {main}
CRITICAL - 2020-12-16 00:56:06 --> Allowed fields must be specified for model: App\Models\Users_model
#0 /Users/patriot/Documents/Codeigniter/final project/BE/kelontong/vendor/codeigniter4/framework/system/Model.php(1265): CodeIgniter\Database\Exceptions\DataException::forInvalidAllowedFields('App\\Models\\User...')
#1 /Users/patriot/Documents/Codeigniter/final project/BE/kelontong/vendor/codeigniter4/framework/system/Model.php(870): CodeIgniter\Model->doProtectFields(Array)
#2 /Users/patriot/Documents/Codeigniter/final project/BE/kelontong/app/Controllers/Admin/Users.php(65): CodeIgniter\Model->update(Array, Array)
#3 /Users/patriot/Documents/Codeigniter/final project/BE/kelontong/vendor/codeigniter4/framework/system/CodeIgniter.php(918): App\Controllers\Admin\Users->update('81')
#4 /Users/patriot/Documents/Codeigniter/final project/BE/kelontong/vendor/codeigniter4/framework/system/CodeIgniter.php(404): CodeIgniter\CodeIgniter->runController(Object(App\Controllers\Admin\Users))
#5 /Users/patriot/Documents/Codeigniter/final project/BE/kelontong/vendor/codeigniter4/framework/system/CodeIgniter.php(312): CodeIgniter\CodeIgniter->handleRequest(NULL, Object(Config\Cache), false)
#6 /Users/patriot/Documents/Codeigniter/final project/BE/kelontong/public/index.php(45): CodeIgniter\CodeIgniter->run()
#7 /Users/patriot/Documents/Codeigniter/final project/BE/kelontong/vendor/codeigniter4/framework/system/Commands/Server/rewrite.php(34): require_once('/Users/patriot/...')
#8 {main}
CRITICAL - 2020-12-16 00:56:16 --> Allowed fields must be specified for model: App\Models\Users_model
#0 /Users/patriot/Documents/Codeigniter/final project/BE/kelontong/vendor/codeigniter4/framework/system/Model.php(1265): CodeIgniter\Database\Exceptions\DataException::forInvalidAllowedFields('App\\Models\\User...')
#1 /Users/patriot/Documents/Codeigniter/final project/BE/kelontong/vendor/codeigniter4/framework/system/Model.php(870): CodeIgniter\Model->doProtectFields(Array)
#2 /Users/patriot/Documents/Codeigniter/final project/BE/kelontong/app/Controllers/Admin/Users.php(65): CodeIgniter\Model->update(Array, Array)
#3 /Users/patriot/Documents/Codeigniter/final project/BE/kelontong/vendor/codeigniter4/framework/system/CodeIgniter.php(918): App\Controllers\Admin\Users->update('81')
#4 /Users/patriot/Documents/Codeigniter/final project/BE/kelontong/vendor/codeigniter4/framework/system/CodeIgniter.php(404): CodeIgniter\CodeIgniter->runController(Object(App\Controllers\Admin\Users))
#5 /Users/patriot/Documents/Codeigniter/final project/BE/kelontong/vendor/codeigniter4/framework/system/CodeIgniter.php(312): CodeIgniter\CodeIgniter->handleRequest(NULL, Object(Config\Cache), false)
#6 /Users/patriot/Documents/Codeigniter/final project/BE/kelontong/public/index.php(45): CodeIgniter\CodeIgniter->run()
#7 /Users/patriot/Documents/Codeigniter/final project/BE/kelontong/vendor/codeigniter4/framework/system/Commands/Server/rewrite.php(34): require_once('/Users/patriot/...')
#8 {main}
CRITICAL - 2020-12-16 00:57:02 --> Allowed fields must be specified for model: App\Models\Users_model
#0 /Users/patriot/Documents/Codeigniter/final project/BE/kelontong/vendor/codeigniter4/framework/system/Model.php(1265): CodeIgniter\Database\Exceptions\DataException::forInvalidAllowedFields('App\\Models\\User...')
#1 /Users/patriot/Documents/Codeigniter/final project/BE/kelontong/vendor/codeigniter4/framework/system/Model.php(870): CodeIgniter\Model->doProtectFields(Array)
#2 /Users/patriot/Documents/Codeigniter/final project/BE/kelontong/app/Controllers/Admin/Users.php(65): CodeIgniter\Model->update(Array, Array)
#3 /Users/patriot/Documents/Codeigniter/final project/BE/kelontong/vendor/codeigniter4/framework/system/CodeIgniter.php(918): App\Controllers\Admin\Users->update('81')
#4 /Users/patriot/Documents/Codeigniter/final project/BE/kelontong/vendor/codeigniter4/framework/system/CodeIgniter.php(404): CodeIgniter\CodeIgniter->runController(Object(App\Controllers\Admin\Users))
#5 /Users/patriot/Documents/Codeigniter/final project/BE/kelontong/vendor/codeigniter4/framework/system/CodeIgniter.php(312): CodeIgniter\CodeIgniter->handleRequest(NULL, Object(Config\Cache), false)
#6 /Users/patriot/Documents/Codeigniter/final project/BE/kelontong/public/index.php(45): CodeIgniter\CodeIgniter->run()
#7 /Users/patriot/Documents/Codeigniter/final project/BE/kelontong/vendor/codeigniter4/framework/system/Commands/Server/rewrite.php(34): require_once('/Users/patriot/...')
#8 {main}
CRITICAL - 2020-12-16 00:57:20 --> Allowed fields must be specified for model: App\Models\Users_model
#0 /Users/patriot/Documents/Codeigniter/final project/BE/kelontong/vendor/codeigniter4/framework/system/Model.php(1265): CodeIgniter\Database\Exceptions\DataException::forInvalidAllowedFields('App\\Models\\User...')
#1 /Users/patriot/Documents/Codeigniter/final project/BE/kelontong/vendor/codeigniter4/framework/system/Model.php(870): CodeIgniter\Model->doProtectFields(Array)
#2 /Users/patriot/Documents/Codeigniter/final project/BE/kelontong/app/Controllers/Admin/Users.php(65): CodeIgniter\Model->update(Array, Array)
#3 /Users/patriot/Documents/Codeigniter/final project/BE/kelontong/vendor/codeigniter4/framework/system/CodeIgniter.php(918): App\Controllers\Admin\Users->update('81')
#4 /Users/patriot/Documents/Codeigniter/final project/BE/kelontong/vendor/codeigniter4/framework/system/CodeIgniter.php(404): CodeIgniter\CodeIgniter->runController(Object(App\Controllers\Admin\Users))
#5 /Users/patriot/Documents/Codeigniter/final project/BE/kelontong/vendor/codeigniter4/framework/system/CodeIgniter.php(312): CodeIgniter\CodeIgniter->handleRequest(NULL, Object(Config\Cache), false)
#6 /Users/patriot/Documents/Codeigniter/final project/BE/kelontong/public/index.php(45): CodeIgniter\CodeIgniter->run()
#7 /Users/patriot/Documents/Codeigniter/final project/BE/kelontong/vendor/codeigniter4/framework/system/Commands/Server/rewrite.php(34): require_once('/Users/patriot/...')
#8 {main}
CRITICAL - 2020-12-16 00:58:12 --> Allowed fields must be specified for model: App\Models\Users_model
#0 /Users/patriot/Documents/Codeigniter/final project/BE/kelontong/vendor/codeigniter4/framework/system/Model.php(1265): CodeIgniter\Database\Exceptions\DataException::forInvalidAllowedFields('App\\Models\\User...')
#1 /Users/patriot/Documents/Codeigniter/final project/BE/kelontong/vendor/codeigniter4/framework/system/Model.php(870): CodeIgniter\Model->doProtectFields(Array)
#2 /Users/patriot/Documents/Codeigniter/final project/BE/kelontong/app/Controllers/Admin/Users.php(67): CodeIgniter\Model->update(Array, Array)
#3 /Users/patriot/Documents/Codeigniter/final project/BE/kelontong/vendor/codeigniter4/framework/system/CodeIgniter.php(918): App\Controllers\Admin\Users->update('81')
#4 /Users/patriot/Documents/Codeigniter/final project/BE/kelontong/vendor/codeigniter4/framework/system/CodeIgniter.php(404): CodeIgniter\CodeIgniter->runController(Object(App\Controllers\Admin\Users))
#5 /Users/patriot/Documents/Codeigniter/final project/BE/kelontong/vendor/codeigniter4/framework/system/CodeIgniter.php(312): CodeIgniter\CodeIgniter->handleRequest(NULL, Object(Config\Cache), false)
#6 /Users/patriot/Documents/Codeigniter/final project/BE/kelontong/public/index.php(45): CodeIgniter\CodeIgniter->run()
#7 /Users/patriot/Documents/Codeigniter/final project/BE/kelontong/vendor/codeigniter4/framework/system/Commands/Server/rewrite.php(34): require_once('/Users/patriot/...')
#8 {main}
CRITICAL - 2020-12-16 00:58:33 --> Allowed fields must be specified for model: App\Models\Users_model
#0 /Users/patriot/Documents/Codeigniter/final project/BE/kelontong/vendor/codeigniter4/framework/system/Model.php(1265): CodeIgniter\Database\Exceptions\DataException::forInvalidAllowedFields('App\\Models\\User...')
#1 /Users/patriot/Documents/Codeigniter/final project/BE/kelontong/vendor/codeigniter4/framework/system/Model.php(870): CodeIgniter\Model->doProtectFields(Array)
#2 /Users/patriot/Documents/Codeigniter/final project/BE/kelontong/app/Controllers/Admin/Users.php(67): CodeIgniter\Model->update(Array, Array)
#3 /Users/patriot/Documents/Codeigniter/final project/BE/kelontong/vendor/codeigniter4/framework/system/CodeIgniter.php(918): App\Controllers\Admin\Users->update('81')
#4 /Users/patriot/Documents/Codeigniter/final project/BE/kelontong/vendor/codeigniter4/framework/system/CodeIgniter.php(404): CodeIgniter\CodeIgniter->runController(Object(App\Controllers\Admin\Users))
#5 /Users/patriot/Documents/Codeigniter/final project/BE/kelontong/vendor/codeigniter4/framework/system/CodeIgniter.php(312): CodeIgniter\CodeIgniter->handleRequest(NULL, Object(Config\Cache), false)
#6 /Users/patriot/Documents/Codeigniter/final project/BE/kelontong/public/index.php(45): CodeIgniter\CodeIgniter->run()
#7 /Users/patriot/Documents/Codeigniter/final project/BE/kelontong/vendor/codeigniter4/framework/system/Commands/Server/rewrite.php(34): require_once('/Users/patriot/...')
#8 {main}
CRITICAL - 2020-12-16 00:58:33 --> Allowed fields must be specified for model: App\Models\Users_model
#0 /Users/patriot/Documents/Codeigniter/final project/BE/kelontong/vendor/codeigniter4/framework/system/Model.php(1265): CodeIgniter\Database\Exceptions\DataException::forInvalidAllowedFields('App\\Models\\User...')
#1 /Users/patriot/Documents/Codeigniter/final project/BE/kelontong/vendor/codeigniter4/framework/system/Model.php(870): CodeIgniter\Model->doProtectFields(Array)
#2 /Users/patriot/Documents/Codeigniter/final project/BE/kelontong/app/Controllers/Admin/Users.php(67): CodeIgniter\Model->update(Array, Array)
#3 /Users/patriot/Documents/Codeigniter/final project/BE/kelontong/vendor/codeigniter4/framework/system/CodeIgniter.php(918): App\Controllers\Admin\Users->update('81')
#4 /Users/patriot/Documents/Codeigniter/final project/BE/kelontong/vendor/codeigniter4/framework/system/CodeIgniter.php(404): CodeIgniter\CodeIgniter->runController(Object(App\Controllers\Admin\Users))
#5 /Users/patriot/Documents/Codeigniter/final project/BE/kelontong/vendor/codeigniter4/framework/system/CodeIgniter.php(312): CodeIgniter\CodeIgniter->handleRequest(NULL, Object(Config\Cache), false)
#6 /Users/patriot/Documents/Codeigniter/final project/BE/kelontong/public/index.php(45): CodeIgniter\CodeIgniter->run()
#7 /Users/patriot/Documents/Codeigniter/final project/BE/kelontong/vendor/codeigniter4/framework/system/Commands/Server/rewrite.php(34): require_once('/Users/patriot/...')
#8 {main}
CRITICAL - 2020-12-16 00:58:34 --> Allowed fields must be specified for model: App\Models\Users_model
#0 /Users/patriot/Documents/Codeigniter/final project/BE/kelontong/vendor/codeigniter4/framework/system/Model.php(1265): CodeIgniter\Database\Exceptions\DataException::forInvalidAllowedFields('App\\Models\\User...')
#1 /Users/patriot/Documents/Codeigniter/final project/BE/kelontong/vendor/codeigniter4/framework/system/Model.php(870): CodeIgniter\Model->doProtectFields(Array)
#2 /Users/patriot/Documents/Codeigniter/final project/BE/kelontong/app/Controllers/Admin/Users.php(67): CodeIgniter\Model->update(Array, Array)
#3 /Users/patriot/Documents/Codeigniter/final project/BE/kelontong/vendor/codeigniter4/framework/system/CodeIgniter.php(918): App\Controllers\Admin\Users->update('81')
#4 /Users/patriot/Documents/Codeigniter/final project/BE/kelontong/vendor/codeigniter4/framework/system/CodeIgniter.php(404): CodeIgniter\CodeIgniter->runController(Object(App\Controllers\Admin\Users))
#5 /Users/patriot/Documents/Codeigniter/final project/BE/kelontong/vendor/codeigniter4/framework/system/CodeIgniter.php(312): CodeIgniter\CodeIgniter->handleRequest(NULL, Object(Config\Cache), false)
#6 /Users/patriot/Documents/Codeigniter/final project/BE/kelontong/public/index.php(45): CodeIgniter\CodeIgniter->run()
#7 /Users/patriot/Documents/Codeigniter/final project/BE/kelontong/vendor/codeigniter4/framework/system/Commands/Server/rewrite.php(34): require_once('/Users/patriot/...')
#8 {main}
CRITICAL - 2020-12-16 00:58:34 --> Allowed fields must be specified for model: App\Models\Users_model
#0 /Users/patriot/Documents/Codeigniter/final project/BE/kelontong/vendor/codeigniter4/framework/system/Model.php(1265): CodeIgniter\Database\Exceptions\DataException::forInvalidAllowedFields('App\\Models\\User...')
#1 /Users/patriot/Documents/Codeigniter/final project/BE/kelontong/vendor/codeigniter4/framework/system/Model.php(870): CodeIgniter\Model->doProtectFields(Array)
#2 /Users/patriot/Documents/Codeigniter/final project/BE/kelontong/app/Controllers/Admin/Users.php(67): CodeIgniter\Model->update(Array, Array)
#3 /Users/patriot/Documents/Codeigniter/final project/BE/kelontong/vendor/codeigniter4/framework/system/CodeIgniter.php(918): App\Controllers\Admin\Users->update('81')
#4 /Users/patriot/Documents/Codeigniter/final project/BE/kelontong/vendor/codeigniter4/framework/system/CodeIgniter.php(404): CodeIgniter\CodeIgniter->runController(Object(App\Controllers\Admin\Users))
#5 /Users/patriot/Documents/Codeigniter/final project/BE/kelontong/vendor/codeigniter4/framework/system/CodeIgniter.php(312): CodeIgniter\CodeIgniter->handleRequest(NULL, Object(Config\Cache), false)
#6 /Users/patriot/Documents/Codeigniter/final project/BE/kelontong/public/index.php(45): CodeIgniter\CodeIgniter->run()
#7 /Users/patriot/Documents/Codeigniter/final project/BE/kelontong/vendor/codeigniter4/framework/system/Commands/Server/rewrite.php(34): require_once('/Users/patriot/...')
#8 {main}
CRITICAL - 2020-12-16 00:58:35 --> Allowed fields must be specified for model: App\Models\Users_model
#0 /Users/patriot/Documents/Codeigniter/final project/BE/kelontong/vendor/codeigniter4/framework/system/Model.php(1265): CodeIgniter\Database\Exceptions\DataException::forInvalidAllowedFields('App\\Models\\User...')
#1 /Users/patriot/Documents/Codeigniter/final project/BE/kelontong/vendor/codeigniter4/framework/system/Model.php(870): CodeIgniter\Model->doProtectFields(Array)
#2 /Users/patriot/Documents/Codeigniter/final project/BE/kelontong/app/Controllers/Admin/Users.php(67): CodeIgniter\Model->update(Array, Array)
#3 /Users/patriot/Documents/Codeigniter/final project/BE/kelontong/vendor/codeigniter4/framework/system/CodeIgniter.php(918): App\Controllers\Admin\Users->update('81')
#4 /Users/patriot/Documents/Codeigniter/final project/BE/kelontong/vendor/codeigniter4/framework/system/CodeIgniter.php(404): CodeIgniter\CodeIgniter->runController(Object(App\Controllers\Admin\Users))
#5 /Users/patriot/Documents/Codeigniter/final project/BE/kelontong/vendor/codeigniter4/framework/system/CodeIgniter.php(312): CodeIgniter\CodeIgniter->handleRequest(NULL, Object(Config\Cache), false)
#6 /Users/patriot/Documents/Codeigniter/final project/BE/kelontong/public/index.php(45): CodeIgniter\CodeIgniter->run()
#7 /Users/patriot/Documents/Codeigniter/final project/BE/kelontong/vendor/codeigniter4/framework/system/Commands/Server/rewrite.php(34): require_once('/Users/patriot/...')
#8 {main}
CRITICAL - 2020-12-16 00:58:35 --> Allowed fields must be specified for model: App\Models\Users_model
#0 /Users/patriot/Documents/Codeigniter/final project/BE/kelontong/vendor/codeigniter4/framework/system/Model.php(1265): CodeIgniter\Database\Exceptions\DataException::forInvalidAllowedFields('App\\Models\\User...')
#1 /Users/patriot/Documents/Codeigniter/final project/BE/kelontong/vendor/codeigniter4/framework/system/Model.php(870): CodeIgniter\Model->doProtectFields(Array)
#2 /Users/patriot/Documents/Codeigniter/final project/BE/kelontong/app/Controllers/Admin/Users.php(67): CodeIgniter\Model->update(Array, Array)
#3 /Users/patriot/Documents/Codeigniter/final project/BE/kelontong/vendor/codeigniter4/framework/system/CodeIgniter.php(918): App\Controllers\Admin\Users->update('81')
#4 /Users/patriot/Documents/Codeigniter/final project/BE/kelontong/vendor/codeigniter4/framework/system/CodeIgniter.php(404): CodeIgniter\CodeIgniter->runController(Object(App\Controllers\Admin\Users))
#5 /Users/patriot/Documents/Codeigniter/final project/BE/kelontong/vendor/codeigniter4/framework/system/CodeIgniter.php(312): CodeIgniter\CodeIgniter->handleRequest(NULL, Object(Config\Cache), false)
#6 /Users/patriot/Documents/Codeigniter/final project/BE/kelontong/public/index.php(45): CodeIgniter\CodeIgniter->run()
#7 /Users/patriot/Documents/Codeigniter/final project/BE/kelontong/vendor/codeigniter4/framework/system/Commands/Server/rewrite.php(34): require_once('/Users/patriot/...')
#8 {main}
CRITICAL - 2020-12-16 00:58:55 --> Allowed fields must be specified for model: App\Models\Users_model
#0 /Users/patriot/Documents/Codeigniter/final project/BE/kelontong/vendor/codeigniter4/framework/system/Model.php(1265): CodeIgniter\Database\Exceptions\DataException::forInvalidAllowedFields('App\\Models\\User...')
#1 /Users/patriot/Documents/Codeigniter/final project/BE/kelontong/vendor/codeigniter4/framework/system/Model.php(870): CodeIgniter\Model->doProtectFields(Array)
#2 /Users/patriot/Documents/Codeigniter/final project/BE/kelontong/app/Controllers/Admin/Users.php(67): CodeIgniter\Model->update(Array, Array)
#3 /Users/patriot/Documents/Codeigniter/final project/BE/kelontong/vendor/codeigniter4/framework/system/CodeIgniter.php(918): App\Controllers\Admin\Users->update('81')
#4 /Users/patriot/Documents/Codeigniter/final project/BE/kelontong/vendor/codeigniter4/framework/system/CodeIgniter.php(404): CodeIgniter\CodeIgniter->runController(Object(App\Controllers\Admin\Users))
#5 /Users/patriot/Documents/Codeigniter/final project/BE/kelontong/vendor/codeigniter4/framework/system/CodeIgniter.php(312): CodeIgniter\CodeIgniter->handleRequest(NULL, Object(Config\Cache), false)
#6 /Users/patriot/Documents/Codeigniter/final project/BE/kelontong/public/index.php(45): CodeIgniter\CodeIgniter->run()
#7 /Users/patriot/Documents/Codeigniter/final project/BE/kelontong/vendor/codeigniter4/framework/system/Commands/Server/rewrite.php(34): require_once('/Users/patriot/...')
#8 {main}
CRITICAL - 2020-12-16 00:58:56 --> Allowed fields must be specified for model: App\Models\Users_model
#0 /Users/patriot/Documents/Codeigniter/final project/BE/kelontong/vendor/codeigniter4/framework/system/Model.php(1265): CodeIgniter\Database\Exceptions\DataException::forInvalidAllowedFields('App\\Models\\User...')
#1 /Users/patriot/Documents/Codeigniter/final project/BE/kelontong/vendor/codeigniter4/framework/system/Model.php(870): CodeIgniter\Model->doProtectFields(Array)
#2 /Users/patriot/Documents/Codeigniter/final project/BE/kelontong/app/Controllers/Admin/Users.php(67): CodeIgniter\Model->update(Array, Array)
#3 /Users/patriot/Documents/Codeigniter/final project/BE/kelontong/vendor/codeigniter4/framework/system/CodeIgniter.php(918): App\Controllers\Admin\Users->update('81')
#4 /Users/patriot/Documents/Codeigniter/final project/BE/kelontong/vendor/codeigniter4/framework/system/CodeIgniter.php(404): CodeIgniter\CodeIgniter->runController(Object(App\Controllers\Admin\Users))
#5 /Users/patriot/Documents/Codeigniter/final project/BE/kelontong/vendor/codeigniter4/framework/system/CodeIgniter.php(312): CodeIgniter\CodeIgniter->handleRequest(NULL, Object(Config\Cache), false)
#6 /Users/patriot/Documents/Codeigniter/final project/BE/kelontong/public/index.php(45): CodeIgniter\CodeIgniter->run()
#7 /Users/patriot/Documents/Codeigniter/final project/BE/kelontong/vendor/codeigniter4/framework/system/Commands/Server/rewrite.php(34): require_once('/Users/patriot/...')
#8 {main}
CRITICAL - 2020-12-16 00:58:57 --> Allowed fields must be specified for model: App\Models\Users_model
#0 /Users/patriot/Documents/Codeigniter/final project/BE/kelontong/vendor/codeigniter4/framework/system/Model.php(1265): CodeIgniter\Database\Exceptions\DataException::forInvalidAllowedFields('App\\Models\\User...')
#1 /Users/patriot/Documents/Codeigniter/final project/BE/kelontong/vendor/codeigniter4/framework/system/Model.php(870): CodeIgniter\Model->doProtectFields(Array)
#2 /Users/patriot/Documents/Codeigniter/final project/BE/kelontong/app/Controllers/Admin/Users.php(67): CodeIgniter\Model->update(Array, Array)
#3 /Users/patriot/Documents/Codeigniter/final project/BE/kelontong/vendor/codeigniter4/framework/system/CodeIgniter.php(918): App\Controllers\Admin\Users->update('81')
#4 /Users/patriot/Documents/Codeigniter/final project/BE/kelontong/vendor/codeigniter4/framework/system/CodeIgniter.php(404): CodeIgniter\CodeIgniter->runController(Object(App\Controllers\Admin\Users))
#5 /Users/patriot/Documents/Codeigniter/final project/BE/kelontong/vendor/codeigniter4/framework/system/CodeIgniter.php(312): CodeIgniter\CodeIgniter->handleRequest(NULL, Object(Config\Cache), false)
#6 /Users/patriot/Documents/Codeigniter/final project/BE/kelontong/public/index.php(45): CodeIgniter\CodeIgniter->run()
#7 /Users/patriot/Documents/Codeigniter/final project/BE/kelontong/vendor/codeigniter4/framework/system/Commands/Server/rewrite.php(34): require_once('/Users/patriot/...')
#8 {main}
CRITICAL - 2020-12-16 00:59:34 --> Allowed fields must be specified for model: App\Models\Users_model
#0 /Users/patriot/Documents/Codeigniter/final project/BE/kelontong/vendor/codeigniter4/framework/system/Model.php(1265): CodeIgniter\Database\Exceptions\DataException::forInvalidAllowedFields('App\\Models\\User...')
#1 /Users/patriot/Documents/Codeigniter/final project/BE/kelontong/vendor/codeigniter4/framework/system/Model.php(870): CodeIgniter\Model->doProtectFields(Array)
#2 /Users/patriot/Documents/Codeigniter/final project/BE/kelontong/app/Controllers/Admin/Users.php(67): CodeIgniter\Model->update(Array, Array)
#3 /Users/patriot/Documents/Codeigniter/final project/BE/kelontong/vendor/codeigniter4/framework/system/CodeIgniter.php(918): App\Controllers\Admin\Users->update('81')
#4 /Users/patriot/Documents/Codeigniter/final project/BE/kelontong/vendor/codeigniter4/framework/system/CodeIgniter.php(404): CodeIgniter\CodeIgniter->runController(Object(App\Controllers\Admin\Users))
#5 /Users/patriot/Documents/Codeigniter/final project/BE/kelontong/vendor/codeigniter4/framework/system/CodeIgniter.php(312): CodeIgniter\CodeIgniter->handleRequest(NULL, Object(Config\Cache), false)
#6 /Users/patriot/Documents/Codeigniter/final project/BE/kelontong/public/index.php(45): CodeIgniter\CodeIgniter->run()
#7 /Users/patriot/Documents/Codeigniter/final project/BE/kelontong/vendor/codeigniter4/framework/system/Commands/Server/rewrite.php(34): require_once('/Users/patriot/...')
#8 {main}
CRITICAL - 2020-12-16 01:01:31 --> Allowed fields must be specified for model: App\Models\Users_model
#0 /Users/patriot/Documents/Codeigniter/final project/BE/kelontong/vendor/codeigniter4/framework/system/Model.php(1265): CodeIgniter\Database\Exceptions\DataException::forInvalidAllowedFields('App\\Models\\User...')
#1 /Users/patriot/Documents/Codeigniter/final project/BE/kelontong/vendor/codeigniter4/framework/system/Model.php(870): CodeIgniter\Model->doProtectFields(Array)
#2 /Users/patriot/Documents/Codeigniter/final project/BE/kelontong/app/Controllers/Admin/Users.php(67): CodeIgniter\Model->update(Array, Array)
#3 /Users/patriot/Documents/Codeigniter/final project/BE/kelontong/vendor/codeigniter4/framework/system/CodeIgniter.php(918): App\Controllers\Admin\Users->update('81')
#4 /Users/patriot/Documents/Codeigniter/final project/BE/kelontong/vendor/codeigniter4/framework/system/CodeIgniter.php(404): CodeIgniter\CodeIgniter->runController(Object(App\Controllers\Admin\Users))
#5 /Users/patriot/Documents/Codeigniter/final project/BE/kelontong/vendor/codeigniter4/framework/system/CodeIgniter.php(312): CodeIgniter\CodeIgniter->handleRequest(NULL, Object(Config\Cache), false)
#6 /Users/patriot/Documents/Codeigniter/final project/BE/kelontong/public/index.php(45): CodeIgniter\CodeIgniter->run()
#7 /Users/patriot/Documents/Codeigniter/final project/BE/kelontong/vendor/codeigniter4/framework/system/Commands/Server/rewrite.php(34): require_once('/Users/patriot/...')
#8 {main}
CRITICAL - 2020-12-16 01:02:43 --> Allowed fields must be specified for model: App\Models\Users_model
#0 /Users/patriot/Documents/Codeigniter/final project/BE/kelontong/vendor/codeigniter4/framework/system/Model.php(1265): CodeIgniter\Database\Exceptions\DataException::forInvalidAllowedFields('App\\Models\\User...')
#1 /Users/patriot/Documents/Codeigniter/final project/BE/kelontong/vendor/codeigniter4/framework/system/Model.php(870): CodeIgniter\Model->doProtectFields(Array)
#2 /Users/patriot/Documents/Codeigniter/final project/BE/kelontong/app/Controllers/Admin/Users.php(67): CodeIgniter\Model->update(Array, Array)
#3 /Users/patriot/Documents/Codeigniter/final project/BE/kelontong/vendor/codeigniter4/framework/system/CodeIgniter.php(918): App\Controllers\Admin\Users->update('81')
#4 /Users/patriot/Documents/Codeigniter/final project/BE/kelontong/vendor/codeigniter4/framework/system/CodeIgniter.php(404): CodeIgniter\CodeIgniter->runController(Object(App\Controllers\Admin\Users))
#5 /Users/patriot/Documents/Codeigniter/final project/BE/kelontong/vendor/codeigniter4/framework/system/CodeIgniter.php(312): CodeIgniter\CodeIgniter->handleRequest(NULL, Object(Config\Cache), false)
#6 /Users/patriot/Documents/Codeigniter/final project/BE/kelontong/public/index.php(45): CodeIgniter\CodeIgniter->run()
#7 /Users/patriot/Documents/Codeigniter/final project/BE/kelontong/vendor/codeigniter4/framework/system/Commands/Server/rewrite.php(34): require_once('/Users/patriot/...')
#8 {main}
CRITICAL - 2020-12-16 01:07:05 --> Allowed fields must be specified for model: App\Models\Users_model
#0 /Users/patriot/Documents/Codeigniter/final project/BE/kelontong/vendor/codeigniter4/framework/system/Model.php(1265): CodeIgniter\Database\Exceptions\DataException::forInvalidAllowedFields('App\\Models\\User...')
#1 /Users/patriot/Documents/Codeigniter/final project/BE/kelontong/vendor/codeigniter4/framework/system/Model.php(870): CodeIgniter\Model->doProtectFields(Array)
#2 /Users/patriot/Documents/Codeigniter/final project/BE/kelontong/app/Controllers/Admin/Users.php(66): CodeIgniter\Model->update(Array, Array)
#3 /Users/patriot/Documents/Codeigniter/final project/BE/kelontong/vendor/codeigniter4/framework/system/CodeIgniter.php(918): App\Controllers\Admin\Users->update('81')
#4 /Users/patriot/Documents/Codeigniter/final project/BE/kelontong/vendor/codeigniter4/framework/system/CodeIgniter.php(404): CodeIgniter\CodeIgniter->runController(Object(App\Controllers\Admin\Users))
#5 /Users/patriot/Documents/Codeigniter/final project/BE/kelontong/vendor/codeigniter4/framework/system/CodeIgniter.php(312): CodeIgniter\CodeIgniter->handleRequest(NULL, Object(Config\Cache), false)
#6 /Users/patriot/Documents/Codeigniter/final project/BE/kelontong/public/index.php(45): CodeIgniter\CodeIgniter->run()
#7 /Users/patriot/Documents/Codeigniter/final project/BE/kelontong/vendor/codeigniter4/framework/system/Commands/Server/rewrite.php(34): require_once('/Users/patriot/...')
#8 {main}
CRITICAL - 2020-12-16 01:07:37 --> Allowed fields must be specified for model: App\Models\Users_model
#0 /Users/patriot/Documents/Codeigniter/final project/BE/kelontong/vendor/codeigniter4/framework/system/Model.php(1265): CodeIgniter\Database\Exceptions\DataException::forInvalidAllowedFields('App\\Models\\User...')
#1 /Users/patriot/Documents/Codeigniter/final project/BE/kelontong/vendor/codeigniter4/framework/system/Model.php(870): CodeIgniter\Model->doProtectFields(Array)
#2 /Users/patriot/Documents/Codeigniter/final project/BE/kelontong/app/Controllers/Admin/Users.php(66): CodeIgniter\Model->update(Array, Array)
#3 /Users/patriot/Documents/Codeigniter/final project/BE/kelontong/vendor/codeigniter4/framework/system/CodeIgniter.php(918): App\Controllers\Admin\Users->update('81')
#4 /Users/patriot/Documents/Codeigniter/final project/BE/kelontong/vendor/codeigniter4/framework/system/CodeIgniter.php(404): CodeIgniter\CodeIgniter->runController(Object(App\Controllers\Admin\Users))
#5 /Users/patriot/Documents/Codeigniter/final project/BE/kelontong/vendor/codeigniter4/framework/system/CodeIgniter.php(312): CodeIgniter\CodeIgniter->handleRequest(NULL, Object(Config\Cache), false)
#6 /Users/patriot/Documents/Codeigniter/final project/BE/kelontong/public/index.php(45): CodeIgniter\CodeIgniter->run()
#7 /Users/patriot/Documents/Codeigniter/final project/BE/kelontong/vendor/codeigniter4/framework/system/Commands/Server/rewrite.php(34): require_once('/Users/patriot/...')
#8 {main}
CRITICAL - 2020-12-16 01:07:38 --> Allowed fields must be specified for model: App\Models\Users_model
#0 /Users/patriot/Documents/Codeigniter/final project/BE/kelontong/vendor/codeigniter4/framework/system/Model.php(1265): CodeIgniter\Database\Exceptions\DataException::forInvalidAllowedFields('App\\Models\\User...')
#1 /Users/patriot/Documents/Codeigniter/final project/BE/kelontong/vendor/codeigniter4/framework/system/Model.php(870): CodeIgniter\Model->doProtectFields(Array)
#2 /Users/patriot/Documents/Codeigniter/final project/BE/kelontong/app/Controllers/Admin/Users.php(66): CodeIgniter\Model->update(Array, Array)
#3 /Users/patriot/Documents/Codeigniter/final project/BE/kelontong/vendor/codeigniter4/framework/system/CodeIgniter.php(918): App\Controllers\Admin\Users->update('81')
#4 /Users/patriot/Documents/Codeigniter/final project/BE/kelontong/vendor/codeigniter4/framework/system/CodeIgniter.php(404): CodeIgniter\CodeIgniter->runController(Object(App\Controllers\Admin\Users))
#5 /Users/patriot/Documents/Codeigniter/final project/BE/kelontong/vendor/codeigniter4/framework/system/CodeIgniter.php(312): CodeIgniter\CodeIgniter->handleRequest(NULL, Object(Config\Cache), false)
#6 /Users/patriot/Documents/Codeigniter/final project/BE/kelontong/public/index.php(45): CodeIgniter\CodeIgniter->run()
#7 /Users/patriot/Documents/Codeigniter/final project/BE/kelontong/vendor/codeigniter4/framework/system/Commands/Server/rewrite.php(34): require_once('/Users/patriot/...')
#8 {main}
CRITICAL - 2020-12-16 01:07:38 --> Allowed fields must be specified for model: App\Models\Users_model
#0 /Users/patriot/Documents/Codeigniter/final project/BE/kelontong/vendor/codeigniter4/framework/system/Model.php(1265): CodeIgniter\Database\Exceptions\DataException::forInvalidAllowedFields('App\\Models\\User...')
#1 /Users/patriot/Documents/Codeigniter/final project/BE/kelontong/vendor/codeigniter4/framework/system/Model.php(870): CodeIgniter\Model->doProtectFields(Array)
#2 /Users/patriot/Documents/Codeigniter/final project/BE/kelontong/app/Controllers/Admin/Users.php(66): CodeIgniter\Model->update(Array, Array)
#3 /Users/patriot/Documents/Codeigniter/final project/BE/kelontong/vendor/codeigniter4/framework/system/CodeIgniter.php(918): App\Controllers\Admin\Users->update('81')
#4 /Users/patriot/Documents/Codeigniter/final project/BE/kelontong/vendor/codeigniter4/framework/system/CodeIgniter.php(404): CodeIgniter\CodeIgniter->runController(Object(App\Controllers\Admin\Users))
#5 /Users/patriot/Documents/Codeigniter/final project/BE/kelontong/vendor/codeigniter4/framework/system/CodeIgniter.php(312): CodeIgniter\CodeIgniter->handleRequest(NULL, Object(Config\Cache), false)
#6 /Users/patriot/Documents/Codeigniter/final project/BE/kelontong/public/index.php(45): CodeIgniter\CodeIgniter->run()
#7 /Users/patriot/Documents/Codeigniter/final project/BE/kelontong/vendor/codeigniter4/framework/system/Commands/Server/rewrite.php(34): require_once('/Users/patriot/...')
#8 {main}
CRITICAL - 2020-12-16 01:07:39 --> Allowed fields must be specified for model: App\Models\Users_model
#0 /Users/patriot/Documents/Codeigniter/final project/BE/kelontong/vendor/codeigniter4/framework/system/Model.php(1265): CodeIgniter\Database\Exceptions\DataException::forInvalidAllowedFields('App\\Models\\User...')
#1 /Users/patriot/Documents/Codeigniter/final project/BE/kelontong/vendor/codeigniter4/framework/system/Model.php(870): CodeIgniter\Model->doProtectFields(Array)
#2 /Users/patriot/Documents/Codeigniter/final project/BE/kelontong/app/Controllers/Admin/Users.php(66): CodeIgniter\Model->update(Array, Array)
#3 /Users/patriot/Documents/Codeigniter/final project/BE/kelontong/vendor/codeigniter4/framework/system/CodeIgniter.php(918): App\Controllers\Admin\Users->update('81')
#4 /Users/patriot/Documents/Codeigniter/final project/BE/kelontong/vendor/codeigniter4/framework/system/CodeIgniter.php(404): CodeIgniter\CodeIgniter->runController(Object(App\Controllers\Admin\Users))
#5 /Users/patriot/Documents/Codeigniter/final project/BE/kelontong/vendor/codeigniter4/framework/system/CodeIgniter.php(312): CodeIgniter\CodeIgniter->handleRequest(NULL, Object(Config\Cache), false)
#6 /Users/patriot/Documents/Codeigniter/final project/BE/kelontong/public/index.php(45): CodeIgniter\CodeIgniter->run()
#7 /Users/patriot/Documents/Codeigniter/final project/BE/kelontong/vendor/codeigniter4/framework/system/Commands/Server/rewrite.php(34): require_once('/Users/patriot/...')
#8 {main}
CRITICAL - 2020-12-16 01:07:39 --> Allowed fields must be specified for model: App\Models\Users_model
#0 /Users/patriot/Documents/Codeigniter/final project/BE/kelontong/vendor/codeigniter4/framework/system/Model.php(1265): CodeIgniter\Database\Exceptions\DataException::forInvalidAllowedFields('App\\Models\\User...')
#1 /Users/patriot/Documents/Codeigniter/final project/BE/kelontong/vendor/codeigniter4/framework/system/Model.php(870): CodeIgniter\Model->doProtectFields(Array)
#2 /Users/patriot/Documents/Codeigniter/final project/BE/kelontong/app/Controllers/Admin/Users.php(66): CodeIgniter\Model->update(Array, Array)
#3 /Users/patriot/Documents/Codeigniter/final project/BE/kelontong/vendor/codeigniter4/framework/system/CodeIgniter.php(918): App\Controllers\Admin\Users->update('81')
#4 /Users/patriot/Documents/Codeigniter/final project/BE/kelontong/vendor/codeigniter4/framework/system/CodeIgniter.php(404): CodeIgniter\CodeIgniter->runController(Object(App\Controllers\Admin\Users))
#5 /Users/patriot/Documents/Codeigniter/final project/BE/kelontong/vendor/codeigniter4/framework/system/CodeIgniter.php(312): CodeIgniter\CodeIgniter->handleRequest(NULL, Object(Config\Cache), false)
#6 /Users/patriot/Documents/Codeigniter/final project/BE/kelontong/public/index.php(45): CodeIgniter\CodeIgniter->run()
#7 /Users/patriot/Documents/Codeigniter/final project/BE/kelontong/vendor/codeigniter4/framework/system/Commands/Server/rewrite.php(34): require_once('/Users/patriot/...')
#8 {main}
CRITICAL - 2020-12-16 01:07:40 --> Allowed fields must be specified for model: App\Models\Users_model
#0 /Users/patriot/Documents/Codeigniter/final project/BE/kelontong/vendor/codeigniter4/framework/system/Model.php(1265): CodeIgniter\Database\Exceptions\DataException::forInvalidAllowedFields('App\\Models\\User...')
#1 /Users/patriot/Documents/Codeigniter/final project/BE/kelontong/vendor/codeigniter4/framework/system/Model.php(870): CodeIgniter\Model->doProtectFields(Array)
#2 /Users/patriot/Documents/Codeigniter/final project/BE/kelontong/app/Controllers/Admin/Users.php(66): CodeIgniter\Model->update(Array, Array)
#3 /Users/patriot/Documents/Codeigniter/final project/BE/kelontong/vendor/codeigniter4/framework/system/CodeIgniter.php(918): App\Controllers\Admin\Users->update('81')
#4 /Users/patriot/Documents/Codeigniter/final project/BE/kelontong/vendor/codeigniter4/framework/system/CodeIgniter.php(404): CodeIgniter\CodeIgniter->runController(Object(App\Controllers\Admin\Users))
#5 /Users/patriot/Documents/Codeigniter/final project/BE/kelontong/vendor/codeigniter4/framework/system/CodeIgniter.php(312): CodeIgniter\CodeIgniter->handleRequest(NULL, Object(Config\Cache), false)
#6 /Users/patriot/Documents/Codeigniter/final project/BE/kelontong/public/index.php(45): CodeIgniter\CodeIgniter->run()
#7 /Users/patriot/Documents/Codeigniter/final project/BE/kelontong/vendor/codeigniter4/framework/system/Commands/Server/rewrite.php(34): require_once('/Users/patriot/...')
#8 {main}
CRITICAL - 2020-12-16 01:07:41 --> Allowed fields must be specified for model: App\Models\Users_model
#0 /Users/patriot/Documents/Codeigniter/final project/BE/kelontong/vendor/codeigniter4/framework/system/Model.php(1265): CodeIgniter\Database\Exceptions\DataException::forInvalidAllowedFields('App\\Models\\User...')
#1 /Users/patriot/Documents/Codeigniter/final project/BE/kelontong/vendor/codeigniter4/framework/system/Model.php(870): CodeIgniter\Model->doProtectFields(Array)
#2 /Users/patriot/Documents/Codeigniter/final project/BE/kelontong/app/Controllers/Admin/Users.php(66): CodeIgniter\Model->update(Array, Array)
#3 /Users/patriot/Documents/Codeigniter/final project/BE/kelontong/vendor/codeigniter4/framework/system/CodeIgniter.php(918): App\Controllers\Admin\Users->update('81')
#4 /Users/patriot/Documents/Codeigniter/final project/BE/kelontong/vendor/codeigniter4/framework/system/CodeIgniter.php(404): CodeIgniter\CodeIgniter->runController(Object(App\Controllers\Admin\Users))
#5 /Users/patriot/Documents/Codeigniter/final project/BE/kelontong/vendor/codeigniter4/framework/system/CodeIgniter.php(312): CodeIgniter\CodeIgniter->handleRequest(NULL, Object(Config\Cache), false)
#6 /Users/patriot/Documents/Codeigniter/final project/BE/kelontong/public/index.php(45): CodeIgniter\CodeIgniter->run()
#7 /Users/patriot/Documents/Codeigniter/final project/BE/kelontong/vendor/codeigniter4/framework/system/Commands/Server/rewrite.php(34): require_once('/Users/patriot/...')
#8 {main}
CRITICAL - 2020-12-16 01:11:31 --> Allowed fields must be specified for model: App\Models\Users_model
#0 /Users/patriot/Documents/Codeigniter/final project/BE/kelontong/vendor/codeigniter4/framework/system/Model.php(1265): CodeIgniter\Database\Exceptions\DataException::forInvalidAllowedFields('App\\Models\\User...')
#1 /Users/patriot/Documents/Codeigniter/final project/BE/kelontong/vendor/codeigniter4/framework/system/Model.php(870): CodeIgniter\Model->doProtectFields(Array)
#2 /Users/patriot/Documents/Codeigniter/final project/BE/kelontong/app/Controllers/Admin/Users.php(68): CodeIgniter\Model->update(Array, Array)
#3 /Users/patriot/Documents/Codeigniter/final project/BE/kelontong/vendor/codeigniter4/framework/system/CodeIgniter.php(918): App\Controllers\Admin\Users->update('81')
#4 /Users/patriot/Documents/Codeigniter/final project/BE/kelontong/vendor/codeigniter4/framework/system/CodeIgniter.php(404): CodeIgniter\CodeIgniter->runController(Object(App\Controllers\Admin\Users))
#5 /Users/patriot/Documents/Codeigniter/final project/BE/kelontong/vendor/codeigniter4/framework/system/CodeIgniter.php(312): CodeIgniter\CodeIgniter->handleRequest(NULL, Object(Config\Cache), false)
#6 /Users/patriot/Documents/Codeigniter/final project/BE/kelontong/public/index.php(45): CodeIgniter\CodeIgniter->run()
#7 /Users/patriot/Documents/Codeigniter/final project/BE/kelontong/vendor/codeigniter4/framework/system/Commands/Server/rewrite.php(34): require_once('/Users/patriot/...')
#8 {main}
CRITICAL - 2020-12-16 01:38:15 --> Undefined index: firstname
#0 /Users/patriot/Documents/Codeigniter/final project/BE/kelontong/app/Controllers/Admin/Users.php(62): CodeIgniter\Debug\Exceptions->errorHandler(8, 'Undefined index...', '/Users/patriot/...', 62, Array)
#1 /Users/patriot/Documents/Codeigniter/final project/BE/kelontong/vendor/codeigniter4/framework/system/CodeIgniter.php(918): App\Controllers\Admin\Users->update('81')
#2 /Users/patriot/Documents/Codeigniter/final project/BE/kelontong/vendor/codeigniter4/framework/system/CodeIgniter.php(404): CodeIgniter\CodeIgniter->runController(Object(App\Controllers\Admin\Users))
#3 /Users/patriot/Documents/Codeigniter/final project/BE/kelontong/vendor/codeigniter4/framework/system/CodeIgniter.php(312): CodeIgniter\CodeIgniter->handleRequest(NULL, Object(Config\Cache), false)
#4 /Users/patriot/Documents/Codeigniter/final project/BE/kelontong/public/index.php(45): CodeIgniter\CodeIgniter->run()
#5 /Users/patriot/Documents/Codeigniter/final project/BE/kelontong/vendor/codeigniter4/framework/system/Commands/Server/rewrite.php(34): require_once('/Users/patriot/...')
#6 {main}
