CRITICAL - 2020-12-15 22:53:55 --> View themes, no current section.
#0 /Users/patriot/Documents/Codeigniter/final project/BE/kelontong/app/Views/admin/users/index.php(332): CodeIgniter\View\View->endSection()
#1 /Users/patriot/Documents/Codeigniter/final project/BE/kelontong/vendor/codeigniter4/framework/system/View/View.php(246): include('/Users/patriot/...')
#2 /Users/patriot/Documents/Codeigniter/final project/BE/kelontong/vendor/codeigniter4/framework/system/Common.php(1119): CodeIgniter\View\View->render('admin/users/ind...', Array, true)
#3 /Users/patriot/Documents/Codeigniter/final project/BE/kelontong/app/Controllers/Admin/Users.php(26): view('admin/users/ind...', Array)
#4 /Users/patriot/Documents/Codeigniter/final project/BE/kelontong/vendor/codeigniter4/framework/system/CodeIgniter.php(918): App\Controllers\Admin\Users->index()
#5 /Users/patriot/Documents/Codeigniter/final project/BE/kelontong/vendor/codeigniter4/framework/system/CodeIgniter.php(404): CodeIgniter\CodeIgniter->runController(Object(App\Controllers\Admin\Users))
#6 /Users/patriot/Documents/Codeigniter/final project/BE/kelontong/vendor/codeigniter4/framework/system/CodeIgniter.php(312): CodeIgniter\CodeIgniter->handleRequest(NULL, Object(Config\Cache), false)
#7 /Users/patriot/Documents/Codeigniter/final project/BE/kelontong/public/index.php(45): CodeIgniter\CodeIgniter->run()
#8 /Users/patriot/Documents/Codeigniter/final project/BE/kelontong/vendor/codeigniter4/framework/system/Commands/Server/rewrite.php(34): require_once('/Users/patriot/...')
#9 {main}
CRITICAL - 2020-12-15 22:54:14 --> View themes, no current section.
#0 /Users/patriot/Documents/Codeigniter/final project/BE/kelontong/app/Views/admin/users/index.php(332): CodeIgniter\View\View->endSection()
#1 /Users/patriot/Documents/Codeigniter/final project/BE/kelontong/vendor/codeigniter4/framework/system/View/View.php(246): include('/Users/patriot/...')
#2 /Users/patriot/Documents/Codeigniter/final project/BE/kelontong/vendor/codeigniter4/framework/system/Common.php(1119): CodeIgniter\View\View->render('admin/users/ind...', Array, true)
#3 /Users/patriot/Documents/Codeigniter/final project/BE/kelontong/app/Controllers/Admin/Users.php(26): view('admin/users/ind...', Array)
#4 /Users/patriot/Documents/Codeigniter/final project/BE/kelontong/vendor/codeigniter4/framework/system/CodeIgniter.php(918): App\Controllers\Admin\Users->index()
#5 /Users/patriot/Documents/Codeigniter/final project/BE/kelontong/vendor/codeigniter4/framework/system/CodeIgniter.php(404): CodeIgniter\CodeIgniter->runController(Object(App\Controllers\Admin\Users))
#6 /Users/patriot/Documents/Codeigniter/final project/BE/kelontong/vendor/codeigniter4/framework/system/CodeIgniter.php(312): CodeIgniter\CodeIgniter->handleRequest(NULL, Object(Config\Cache), false)
#7 /Users/patriot/Documents/Codeigniter/final project/BE/kelontong/public/index.php(45): CodeIgniter\CodeIgniter->run()
#8 /Users/patriot/Documents/Codeigniter/final project/BE/kelontong/vendor/codeigniter4/framework/system/Commands/Server/rewrite.php(34): require_once('/Users/patriot/...')
#9 {main}
CRITICAL - 2020-12-15 23:56:15 --> Unknown column 'user_id' in 'where clause'
#0 /Users/patriot/Documents/Codeigniter/final project/BE/kelontong/vendor/codeigniter4/framework/system/Database/MySQLi/Connection.php(331): mysqli->query('SELECT *\nFROM `...')
#1 /Users/patriot/Documents/Codeigniter/final project/BE/kelontong/vendor/codeigniter4/framework/system/Database/BaseConnection.php(741): CodeIgniter\Database\MySQLi\Connection->execute('SELECT *\nFROM `...')
#2 /Users/patriot/Documents/Codeigniter/final project/BE/kelontong/vendor/codeigniter4/framework/system/Database/BaseConnection.php(669): CodeIgniter\Database\BaseConnection->simpleQuery('SELECT *\nFROM `...')
#3 /Users/patriot/Documents/Codeigniter/final project/BE/kelontong/vendor/codeigniter4/framework/system/Database/BaseBuilder.php(2019): CodeIgniter\Database\BaseConnection->query('SELECT *\nFROM `...', Array, false)
#4 /Users/patriot/Documents/Codeigniter/final project/BE/kelontong/vendor/codeigniter4/framework/system/Model.php(1818): CodeIgniter\Database\BaseBuilder->getWhere(Array)
#5 /Users/patriot/Documents/Codeigniter/final project/BE/kelontong/app/Models/Users_model.php(14): CodeIgniter\Model->__call('getWhere', Array)
#6 /Users/patriot/Documents/Codeigniter/final project/BE/kelontong/app/Controllers/Admin/Users.php(38): App\Models\Users_model->getUsers('11')
#7 /Users/patriot/Documents/Codeigniter/final project/BE/kelontong/vendor/codeigniter4/framework/system/CodeIgniter.php(918): App\Controllers\Admin\Users->detail('11')
#8 /Users/patriot/Documents/Codeigniter/final project/BE/kelontong/vendor/codeigniter4/framework/system/CodeIgniter.php(404): CodeIgniter\CodeIgniter->runController(Object(App\Controllers\Admin\Users))
#9 /Users/patriot/Documents/Codeigniter/final project/BE/kelontong/vendor/codeigniter4/framework/system/CodeIgniter.php(312): CodeIgniter\CodeIgniter->handleRequest(NULL, Object(Config\Cache), false)
#10 /Users/patriot/Documents/Codeigniter/final project/BE/kelontong/public/index.php(45): CodeIgniter\CodeIgniter->run()
#11 /Users/patriot/Documents/Codeigniter/final project/BE/kelontong/vendor/codeigniter4/framework/system/Commands/Server/rewrite.php(34): require_once('/Users/patriot/...')
#12 {main}
CRITICAL - 2020-12-15 23:56:21 --> Unknown column 'user_id' in 'where clause'
#0 /Users/patriot/Documents/Codeigniter/final project/BE/kelontong/vendor/codeigniter4/framework/system/Database/MySQLi/Connection.php(331): mysqli->query('SELECT *\nFROM `...')
#1 /Users/patriot/Documents/Codeigniter/final project/BE/kelontong/vendor/codeigniter4/framework/system/Database/BaseConnection.php(741): CodeIgniter\Database\MySQLi\Connection->execute('SELECT *\nFROM `...')
#2 /Users/patriot/Documents/Codeigniter/final project/BE/kelontong/vendor/codeigniter4/framework/system/Database/BaseConnection.php(669): CodeIgniter\Database\BaseConnection->simpleQuery('SELECT *\nFROM `...')
#3 /Users/patriot/Documents/Codeigniter/final project/BE/kelontong/vendor/codeigniter4/framework/system/Database/BaseBuilder.php(2019): CodeIgniter\Database\BaseConnection->query('SELECT *\nFROM `...', Array, false)
#4 /Users/patriot/Documents/Codeigniter/final project/BE/kelontong/vendor/codeigniter4/framework/system/Model.php(1818): CodeIgniter\Database\BaseBuilder->getWhere(Array)
#5 /Users/patriot/Documents/Codeigniter/final project/BE/kelontong/app/Models/Users_model.php(14): CodeIgniter\Model->__call('getWhere', Array)
#6 /Users/patriot/Documents/Codeigniter/final project/BE/kelontong/app/Controllers/Admin/Users.php(38): App\Models\Users_model->getUsers('71')
#7 /Users/patriot/Documents/Codeigniter/final project/BE/kelontong/vendor/codeigniter4/framework/system/CodeIgniter.php(918): App\Controllers\Admin\Users->detail('71')
#8 /Users/patriot/Documents/Codeigniter/final project/BE/kelontong/vendor/codeigniter4/framework/system/CodeIgniter.php(404): CodeIgniter\CodeIgniter->runController(Object(App\Controllers\Admin\Users))
#9 /Users/patriot/Documents/Codeigniter/final project/BE/kelontong/vendor/codeigniter4/framework/system/CodeIgniter.php(312): CodeIgniter\CodeIgniter->handleRequest(NULL, Object(Config\Cache), false)
#10 /Users/patriot/Documents/Codeigniter/final project/BE/kelontong/public/index.php(45): CodeIgniter\CodeIgniter->run()
#11 /Users/patriot/Documents/Codeigniter/final project/BE/kelontong/vendor/codeigniter4/framework/system/Commands/Server/rewrite.php(34): require_once('/Users/patriot/...')
#12 {main}
CRITICAL - 2020-12-15 23:56:31 --> Unknown column 'user_id' in 'where clause'
#0 /Users/patriot/Documents/Codeigniter/final project/BE/kelontong/vendor/codeigniter4/framework/system/Database/MySQLi/Connection.php(331): mysqli->query('SELECT *\nFROM `...')
#1 /Users/patriot/Documents/Codeigniter/final project/BE/kelontong/vendor/codeigniter4/framework/system/Database/BaseConnection.php(741): CodeIgniter\Database\MySQLi\Connection->execute('SELECT *\nFROM `...')
#2 /Users/patriot/Documents/Codeigniter/final project/BE/kelontong/vendor/codeigniter4/framework/system/Database/BaseConnection.php(669): CodeIgniter\Database\BaseConnection->simpleQuery('SELECT *\nFROM `...')
#3 /Users/patriot/Documents/Codeigniter/final project/BE/kelontong/vendor/codeigniter4/framework/system/Database/BaseBuilder.php(2019): CodeIgniter\Database\BaseConnection->query('SELECT *\nFROM `...', Array, false)
#4 /Users/patriot/Documents/Codeigniter/final project/BE/kelontong/vendor/codeigniter4/framework/system/Model.php(1818): CodeIgniter\Database\BaseBuilder->getWhere(Array)
#5 /Users/patriot/Documents/Codeigniter/final project/BE/kelontong/app/Models/Users_model.php(14): CodeIgniter\Model->__call('getWhere', Array)
#6 /Users/patriot/Documents/Codeigniter/final project/BE/kelontong/app/Controllers/Admin/Users.php(38): App\Models\Users_model->getUsers('111')
#7 /Users/patriot/Documents/Codeigniter/final project/BE/kelontong/vendor/codeigniter4/framework/system/CodeIgniter.php(918): App\Controllers\Admin\Users->detail('111')
#8 /Users/patriot/Documents/Codeigniter/final project/BE/kelontong/vendor/codeigniter4/framework/system/CodeIgniter.php(404): CodeIgniter\CodeIgniter->runController(Object(App\Controllers\Admin\Users))
#9 /Users/patriot/Documents/Codeigniter/final project/BE/kelontong/vendor/codeigniter4/framework/system/CodeIgniter.php(312): CodeIgniter\CodeIgniter->handleRequest(NULL, Object(Config\Cache), false)
#10 /Users/patriot/Documents/Codeigniter/final project/BE/kelontong/public/index.php(45): CodeIgniter\CodeIgniter->run()
#11 /Users/patriot/Documents/Codeigniter/final project/BE/kelontong/vendor/codeigniter4/framework/system/Commands/Server/rewrite.php(34): require_once('/Users/patriot/...')
#12 {main}
