CRITICAL - 2020-12-20 07:43:09 --> Undefined offset: 0
#0 /Users/patriot/Documents/Codeigniter/final project/BE/kelontong/app/Controllers/Admin/Pictures.php(45): CodeIgniter\Debug\Exceptions->errorHandler(8, 'Undefined offse...', '/Users/patriot/...', 45, Array)
#1 /Users/patriot/Documents/Codeigniter/final project/BE/kelontong/vendor/codeigniter4/framework/system/CodeIgniter.php(918): App\Controllers\Admin\Pictures->process_upload()
#2 /Users/patriot/Documents/Codeigniter/final project/BE/kelontong/vendor/codeigniter4/framework/system/CodeIgniter.php(404): CodeIgniter\CodeIgniter->runController(Object(App\Controllers\Admin\Pictures))
#3 /Users/patriot/Documents/Codeigniter/final project/BE/kelontong/vendor/codeigniter4/framework/system/CodeIgniter.php(312): CodeIgniter\CodeIgniter->handleRequest(NULL, Object(Config\Cache), false)
#4 /Users/patriot/Documents/Codeigniter/final project/BE/kelontong/public/index.php(45): CodeIgniter\CodeIgniter->run()
#5 /Users/patriot/Documents/Codeigniter/final project/BE/kelontong/vendor/codeigniter4/framework/system/Commands/Server/rewrite.php(34): require_once('/Users/patriot/...')
#6 {main}
CRITICAL - 2020-12-20 07:51:59 --> syntax error, unexpected 'var_dump' (T_STRING)
#0 /Users/patriot/Documents/Codeigniter/final project/BE/kelontong/vendor/codeigniter4/framework/system/Router/Router.php(195): CodeIgniter\Router\Router->autoRoute('admin/pictures/...')
#1 /Users/patriot/Documents/Codeigniter/final project/BE/kelontong/vendor/codeigniter4/framework/system/CodeIgniter.php(793): CodeIgniter\Router\Router->handle('admin/pictures/...')
#2 /Users/patriot/Documents/Codeigniter/final project/BE/kelontong/vendor/codeigniter4/framework/system/CodeIgniter.php(364): CodeIgniter\CodeIgniter->tryToRouteIt(Object(CodeIgniter\Router\RouteCollection))
#3 /Users/patriot/Documents/Codeigniter/final project/BE/kelontong/vendor/codeigniter4/framework/system/CodeIgniter.php(312): CodeIgniter\CodeIgniter->handleRequest(NULL, Object(Config\Cache), false)
#4 /Users/patriot/Documents/Codeigniter/final project/BE/kelontong/public/index.php(45): CodeIgniter\CodeIgniter->run()
#5 /Users/patriot/Documents/Codeigniter/final project/BE/kelontong/vendor/codeigniter4/framework/system/Commands/Server/rewrite.php(34): require_once('/Users/patriot/...')
#6 {main}
CRITICAL - 2020-12-20 07:52:13 --> Cannot use object of type CodeIgniter\HTTP\Files\UploadedFile as array
#0 /Users/patriot/Documents/Codeigniter/final project/BE/kelontong/vendor/codeigniter4/framework/system/CodeIgniter.php(918): App\Controllers\Admin\Pictures->process_upload()
#1 /Users/patriot/Documents/Codeigniter/final project/BE/kelontong/vendor/codeigniter4/framework/system/CodeIgniter.php(404): CodeIgniter\CodeIgniter->runController(Object(App\Controllers\Admin\Pictures))
#2 /Users/patriot/Documents/Codeigniter/final project/BE/kelontong/vendor/codeigniter4/framework/system/CodeIgniter.php(312): CodeIgniter\CodeIgniter->handleRequest(NULL, Object(Config\Cache), false)
#3 /Users/patriot/Documents/Codeigniter/final project/BE/kelontong/public/index.php(45): CodeIgniter\CodeIgniter->run()
#4 /Users/patriot/Documents/Codeigniter/final project/BE/kelontong/vendor/codeigniter4/framework/system/Commands/Server/rewrite.php(34): require_once('/Users/patriot/...')
#5 {main}
CRITICAL - 2020-12-20 08:01:46 --> Call to undefined method CodeIgniter\HTTP\Files\UploadedFile::getAbsolutePath()
#0 /Users/patriot/Documents/Codeigniter/final project/BE/kelontong/vendor/codeigniter4/framework/system/CodeIgniter.php(918): App\Controllers\Admin\Pictures->process_upload()
#1 /Users/patriot/Documents/Codeigniter/final project/BE/kelontong/vendor/codeigniter4/framework/system/CodeIgniter.php(404): CodeIgniter\CodeIgniter->runController(Object(App\Controllers\Admin\Pictures))
#2 /Users/patriot/Documents/Codeigniter/final project/BE/kelontong/vendor/codeigniter4/framework/system/CodeIgniter.php(312): CodeIgniter\CodeIgniter->handleRequest(NULL, Object(Config\Cache), false)
#3 /Users/patriot/Documents/Codeigniter/final project/BE/kelontong/public/index.php(45): CodeIgniter\CodeIgniter->run()
#4 /Users/patriot/Documents/Codeigniter/final project/BE/kelontong/vendor/codeigniter4/framework/system/Commands/Server/rewrite.php(34): require_once('/Users/patriot/...')
#5 {main}
CRITICAL - 2020-12-20 09:35:05 --> filesize(): stat failed for /Users/patriot/Documents/Codeigniter/final project/BE/kelontong/public/upload/products/1608477126_1e70726eeb875c314e29.png1608477126_1e70726eeb875c314e29.png
#0 [internal function]: CodeIgniter\Debug\Exceptions->errorHandler(2, 'filesize(): sta...', '/Users/patriot/...', 50, Array)
#1 /Users/patriot/Documents/Codeigniter/final project/BE/kelontong/app/Controllers/Admin/Pictures.php(50): filesize('/Users/patriot/...')
#2 /Users/patriot/Documents/Codeigniter/final project/BE/kelontong/vendor/codeigniter4/framework/system/CodeIgniter.php(918): App\Controllers\Admin\Pictures->load()
#3 /Users/patriot/Documents/Codeigniter/final project/BE/kelontong/vendor/codeigniter4/framework/system/CodeIgniter.php(404): CodeIgniter\CodeIgniter->runController(Object(App\Controllers\Admin\Pictures))
#4 /Users/patriot/Documents/Codeigniter/final project/BE/kelontong/vendor/codeigniter4/framework/system/CodeIgniter.php(312): CodeIgniter\CodeIgniter->handleRequest(NULL, Object(Config\Cache), false)
#5 /Users/patriot/Documents/Codeigniter/final project/BE/kelontong/public/index.php(45): CodeIgniter\CodeIgniter->run()
#6 /Users/patriot/Documents/Codeigniter/final project/BE/kelontong/vendor/codeigniter4/framework/system/Commands/Server/rewrite.php(34): require_once('/Users/patriot/...')
#7 {main}
CRITICAL - 2020-12-20 09:54:29 --> Undefined index: picture_name
#0 /Users/patriot/Documents/Codeigniter/final project/BE/kelontong/app/Controllers/Admin/Pictures.php(105): CodeIgniter\Debug\Exceptions->errorHandler(8, 'Undefined index...', '/Users/patriot/...', 105, Array)
#1 /Users/patriot/Documents/Codeigniter/final project/BE/kelontong/vendor/codeigniter4/framework/system/CodeIgniter.php(918): App\Controllers\Admin\Pictures->delete('0.6559263007784...')
#2 /Users/patriot/Documents/Codeigniter/final project/BE/kelontong/vendor/codeigniter4/framework/system/CodeIgniter.php(404): CodeIgniter\CodeIgniter->runController(Object(App\Controllers\Admin\Pictures))
#3 /Users/patriot/Documents/Codeigniter/final project/BE/kelontong/vendor/codeigniter4/framework/system/CodeIgniter.php(312): CodeIgniter\CodeIgniter->handleRequest(NULL, Object(Config\Cache), false)
#4 /Users/patriot/Documents/Codeigniter/final project/BE/kelontong/public/index.php(45): CodeIgniter\CodeIgniter->run()
#5 /Users/patriot/Documents/Codeigniter/final project/BE/kelontong/vendor/codeigniter4/framework/system/Commands/Server/rewrite.php(34): require_once('/Users/patriot/...')
#6 {main}
CRITICAL - 2020-12-20 09:55:21 --> Undefined index: picture_name
#0 /Users/patriot/Documents/Codeigniter/final project/BE/kelontong/app/Controllers/Admin/Pictures.php(105): CodeIgniter\Debug\Exceptions->errorHandler(8, 'Undefined index...', '/Users/patriot/...', 105, Array)
#1 /Users/patriot/Documents/Codeigniter/final project/BE/kelontong/vendor/codeigniter4/framework/system/CodeIgniter.php(918): App\Controllers\Admin\Pictures->delete('0.2534802367418...')
#2 /Users/patriot/Documents/Codeigniter/final project/BE/kelontong/vendor/codeigniter4/framework/system/CodeIgniter.php(404): CodeIgniter\CodeIgniter->runController(Object(App\Controllers\Admin\Pictures))
#3 /Users/patriot/Documents/Codeigniter/final project/BE/kelontong/vendor/codeigniter4/framework/system/CodeIgniter.php(312): CodeIgniter\CodeIgniter->handleRequest(NULL, Object(Config\Cache), false)
#4 /Users/patriot/Documents/Codeigniter/final project/BE/kelontong/public/index.php(45): CodeIgniter\CodeIgniter->run()
#5 /Users/patriot/Documents/Codeigniter/final project/BE/kelontong/vendor/codeigniter4/framework/system/Commands/Server/rewrite.php(34): require_once('/Users/patriot/...')
#6 {main}
CRITICAL - 2020-12-20 12:40:44 --> syntax error, unexpected ';', expecting ']'
#0 /Users/patriot/Documents/Codeigniter/final project/BE/kelontong/vendor/codeigniter4/framework/system/Autoloader/Autoloader.php(296): CodeIgniter\Autoloader\Autoloader->requireFile('/Users/patriot/...')
#1 /Users/patriot/Documents/Codeigniter/final project/BE/kelontong/vendor/codeigniter4/framework/system/Autoloader/Autoloader.php(258): CodeIgniter\Autoloader\Autoloader->loadInNamespace('App\\Controllers...')
#2 [internal function]: CodeIgniter\Autoloader\Autoloader->loadClass('App\\Controllers...')
#3 [internal function]: spl_autoload_call('App\\Controllers...')
#4 /Users/patriot/Documents/Codeigniter/final project/BE/kelontong/vendor/codeigniter4/framework/system/CodeIgniter.php(869): class_exists('\\App\\Controller...', true)
#5 /Users/patriot/Documents/Codeigniter/final project/BE/kelontong/vendor/codeigniter4/framework/system/CodeIgniter.php(394): CodeIgniter\CodeIgniter->startController()
#6 /Users/patriot/Documents/Codeigniter/final project/BE/kelontong/vendor/codeigniter4/framework/system/CodeIgniter.php(312): CodeIgniter\CodeIgniter->handleRequest(NULL, Object(Config\Cache), false)
#7 /Users/patriot/Documents/Codeigniter/final project/BE/kelontong/public/index.php(45): CodeIgniter\CodeIgniter->run()
#8 /Users/patriot/Documents/Codeigniter/final project/BE/kelontong/vendor/codeigniter4/framework/system/Commands/Server/rewrite.php(34): require_once('/Users/patriot/...')
#9 {main}
CRITICAL - 2020-12-20 12:54:45 --> Unknown column 'product.product_id' in 'on clause'
#0 /Users/patriot/Documents/Codeigniter/final project/BE/kelontong/vendor/codeigniter4/framework/system/Database/MySQLi/Connection.php(331): mysqli->query('SELECT *\nFROM `...')
#1 /Users/patriot/Documents/Codeigniter/final project/BE/kelontong/vendor/codeigniter4/framework/system/Database/BaseConnection.php(741): CodeIgniter\Database\MySQLi\Connection->execute('SELECT *\nFROM `...')
#2 /Users/patriot/Documents/Codeigniter/final project/BE/kelontong/vendor/codeigniter4/framework/system/Database/BaseConnection.php(669): CodeIgniter\Database\BaseConnection->simpleQuery('SELECT *\nFROM `...')
#3 /Users/patriot/Documents/Codeigniter/final project/BE/kelontong/vendor/codeigniter4/framework/system/Database/BaseBuilder.php(1860): CodeIgniter\Database\BaseConnection->query('SELECT *\nFROM `...', Array, false)
#4 /Users/patriot/Documents/Codeigniter/final project/BE/kelontong/vendor/codeigniter4/framework/system/Model.php(462): CodeIgniter\Database\BaseBuilder->get()
#5 /Users/patriot/Documents/Codeigniter/final project/BE/kelontong/app/Controllers/Apiproducts.php(19): CodeIgniter\Model->findAll()
#6 /Users/patriot/Documents/Codeigniter/final project/BE/kelontong/vendor/codeigniter4/framework/system/CodeIgniter.php(918): App\Controllers\ApiProducts->index()
#7 /Users/patriot/Documents/Codeigniter/final project/BE/kelontong/vendor/codeigniter4/framework/system/CodeIgniter.php(404): CodeIgniter\CodeIgniter->runController(Object(App\Controllers\ApiProducts))
#8 /Users/patriot/Documents/Codeigniter/final project/BE/kelontong/vendor/codeigniter4/framework/system/CodeIgniter.php(312): CodeIgniter\CodeIgniter->handleRequest(NULL, Object(Config\Cache), false)
#9 /Users/patriot/Documents/Codeigniter/final project/BE/kelontong/public/index.php(45): CodeIgniter\CodeIgniter->run()
#10 /Users/patriot/Documents/Codeigniter/final project/BE/kelontong/vendor/codeigniter4/framework/system/Commands/Server/rewrite.php(34): require_once('/Users/patriot/...')
#11 {main}
CRITICAL - 2020-12-20 13:01:30 --> preg_match(): Allocation of JIT memory failed, PCRE JIT will be disabled. This is likely caused by security restrictions. Either grant PHP permission to allocate executable memory, or set pcre.jit=0
#0 [internal function]: CodeIgniter\Debug\Exceptions->errorHandler(2, 'preg_match(): A...', '/Users/patriot/...', 431, Array)
#1 /Users/patriot/Documents/Codeigniter/final project/BE/kelontong/vendor/codeigniter4/framework/system/Router/Router.php(431): preg_match('#^Api\\Categorie...', 'api/categories', Array)
#2 /Users/patriot/Documents/Codeigniter/final project/BE/kelontong/vendor/codeigniter4/framework/system/Router/Router.php(177): CodeIgniter\Router\Router->checkRoutes('api/categories')
#3 /Users/patriot/Documents/Codeigniter/final project/BE/kelontong/vendor/codeigniter4/framework/system/CodeIgniter.php(793): CodeIgniter\Router\Router->handle('api/categories')
#4 /Users/patriot/Documents/Codeigniter/final project/BE/kelontong/vendor/codeigniter4/framework/system/CodeIgniter.php(364): CodeIgniter\CodeIgniter->tryToRouteIt(Object(CodeIgniter\Router\RouteCollection))
#5 /Users/patriot/Documents/Codeigniter/final project/BE/kelontong/vendor/codeigniter4/framework/system/CodeIgniter.php(312): CodeIgniter\CodeIgniter->handleRequest(NULL, Object(Config\Cache), false)
#6 /Users/patriot/Documents/Codeigniter/final project/BE/kelontong/public/index.php(45): CodeIgniter\CodeIgniter->run()
#7 /Users/patriot/Documents/Codeigniter/final project/BE/kelontong/vendor/codeigniter4/framework/system/Commands/Server/rewrite.php(34): require_once('/Users/patriot/...')
#8 {main}
CRITICAL - 2020-12-20 14:02:15 --> Column 'product_id' in order clause is ambiguous
#0 /Users/patriot/Documents/Codeigniter/final project/BE/kelontong/vendor/codeigniter4/framework/system/Database/MySQLi/Connection.php(331): mysqli->query('SELECT *\nFROM `...')
#1 /Users/patriot/Documents/Codeigniter/final project/BE/kelontong/vendor/codeigniter4/framework/system/Database/BaseConnection.php(741): CodeIgniter\Database\MySQLi\Connection->execute('SELECT *\nFROM `...')
#2 /Users/patriot/Documents/Codeigniter/final project/BE/kelontong/vendor/codeigniter4/framework/system/Database/BaseConnection.php(669): CodeIgniter\Database\BaseConnection->simpleQuery('SELECT *\nFROM `...')
#3 /Users/patriot/Documents/Codeigniter/final project/BE/kelontong/vendor/codeigniter4/framework/system/Database/BaseBuilder.php(1860): CodeIgniter\Database\BaseConnection->query('SELECT *\nFROM `...', Array, false)
#4 /Users/patriot/Documents/Codeigniter/final project/BE/kelontong/vendor/codeigniter4/framework/system/Model.php(462): CodeIgniter\Database\BaseBuilder->get()
#5 /Users/patriot/Documents/Codeigniter/final project/BE/kelontong/app/Controllers/Home.php(20): CodeIgniter\Model->findAll()
#6 /Users/patriot/Documents/Codeigniter/final project/BE/kelontong/vendor/codeigniter4/framework/system/CodeIgniter.php(918): App\Controllers\Home->index()
#7 /Users/patriot/Documents/Codeigniter/final project/BE/kelontong/vendor/codeigniter4/framework/system/CodeIgniter.php(404): CodeIgniter\CodeIgniter->runController(Object(App\Controllers\Home))
#8 /Users/patriot/Documents/Codeigniter/final project/BE/kelontong/vendor/codeigniter4/framework/system/CodeIgniter.php(312): CodeIgniter\CodeIgniter->handleRequest(NULL, Object(Config\Cache), false)
#9 /Users/patriot/Documents/Codeigniter/final project/BE/kelontong/public/index.php(45): CodeIgniter\CodeIgniter->run()
#10 /Users/patriot/Documents/Codeigniter/final project/BE/kelontong/vendor/codeigniter4/framework/system/Commands/Server/rewrite.php(34): require_once('/Users/patriot/...')
#11 {main}
CRITICAL - 2020-12-20 14:13:11 --> Undefined index: product_name
#0 /Users/patriot/Documents/Codeigniter/final project/BE/kelontong/app/Views/home/index.php(299): CodeIgniter\Debug\Exceptions->errorHandler(8, 'Undefined index...', '/Users/patriot/...', 299, Array)
#1 /Users/patriot/Documents/Codeigniter/final project/BE/kelontong/vendor/codeigniter4/framework/system/View/View.php(246): include('/Users/patriot/...')
#2 /Users/patriot/Documents/Codeigniter/final project/BE/kelontong/vendor/codeigniter4/framework/system/Common.php(1119): CodeIgniter\View\View->render('home/index', Array, true)
#3 /Users/patriot/Documents/Codeigniter/final project/BE/kelontong/app/Controllers/Home.php(23): view('home/index', Array)
#4 /Users/patriot/Documents/Codeigniter/final project/BE/kelontong/vendor/codeigniter4/framework/system/CodeIgniter.php(918): App\Controllers\Home->index()
#5 /Users/patriot/Documents/Codeigniter/final project/BE/kelontong/vendor/codeigniter4/framework/system/CodeIgniter.php(404): CodeIgniter\CodeIgniter->runController(Object(App\Controllers\Home))
#6 /Users/patriot/Documents/Codeigniter/final project/BE/kelontong/vendor/codeigniter4/framework/system/CodeIgniter.php(312): CodeIgniter\CodeIgniter->handleRequest(NULL, Object(Config\Cache), false)
#7 /Users/patriot/Documents/Codeigniter/final project/BE/kelontong/public/index.php(45): CodeIgniter\CodeIgniter->run()
#8 /Users/patriot/Documents/Codeigniter/final project/BE/kelontong/vendor/codeigniter4/framework/system/Commands/Server/rewrite.php(34): require_once('/Users/patriot/...')
#9 {main}
CRITICAL - 2020-12-20 14:13:41 --> Undefined index: product_name
#0 /Users/patriot/Documents/Codeigniter/final project/BE/kelontong/app/Views/home/index.php(299): CodeIgniter\Debug\Exceptions->errorHandler(8, 'Undefined index...', '/Users/patriot/...', 299, Array)
#1 /Users/patriot/Documents/Codeigniter/final project/BE/kelontong/vendor/codeigniter4/framework/system/View/View.php(246): include('/Users/patriot/...')
#2 /Users/patriot/Documents/Codeigniter/final project/BE/kelontong/vendor/codeigniter4/framework/system/Common.php(1119): CodeIgniter\View\View->render('home/index', Array, true)
#3 /Users/patriot/Documents/Codeigniter/final project/BE/kelontong/app/Controllers/Home.php(24): view('home/index', Array)
#4 /Users/patriot/Documents/Codeigniter/final project/BE/kelontong/vendor/codeigniter4/framework/system/CodeIgniter.php(918): App\Controllers\Home->index()
#5 /Users/patriot/Documents/Codeigniter/final project/BE/kelontong/vendor/codeigniter4/framework/system/CodeIgniter.php(404): CodeIgniter\CodeIgniter->runController(Object(App\Controllers\Home))
#6 /Users/patriot/Documents/Codeigniter/final project/BE/kelontong/vendor/codeigniter4/framework/system/CodeIgniter.php(312): CodeIgniter\CodeIgniter->handleRequest(NULL, Object(Config\Cache), false)
#7 /Users/patriot/Documents/Codeigniter/final project/BE/kelontong/public/index.php(45): CodeIgniter\CodeIgniter->run()
#8 /Users/patriot/Documents/Codeigniter/final project/BE/kelontong/vendor/codeigniter4/framework/system/Commands/Server/rewrite.php(34): require_once('/Users/patriot/...')
#9 {main}
